<?xml version="1.0" encoding="UTF-8"?>
<!-- Generated by org.testng.reporters.JUnitReportReporter -->
<testsuite hostname="INBANSBELAVAL03" failures="0" tests="3" name="apiFrameworkDesign.DynamicJson" time="2.087" errors="0" timestamp="2025-07-28T19:15:49 IST" skipped="0">
  <testcase classname="apiFrameworkDesign.DynamicJson" name="addBook" time="0.206"/>
  <testcase classname="apiFrameworkDesign.DynamicJson" name="addBook" time="0.189"/>
  <testcase classname="apiFrameworkDesign.DynamicJson" name="addBook" time="1.692"/>
</testsuite> <!-- apiFrameworkDesign.DynamicJson -->
