<?xml version="1.0" encoding="UTF-8"?>
<testng-results ignored="0" total="1" passed="1" failed="0" skipped="0">
  <reporter-output>
  </reporter-output>
  <suite started-at="2025-08-09T17:39:45 IST" name="Default suite" finished-at="2025-08-09T17:39:48 IST" duration-ms="2790">
    <groups>
    </groups>
    <test started-at="2025-08-09T17:39:45 IST" name="Default test" finished-at="2025-08-09T17:39:48 IST" duration-ms="2790">
      <class name="apiFrameworkDesign.SerializationWithPojo">
        <test-method signature="addPlace()[pri:0, instance:apiFrameworkDesign.SerializationWithPojo@7c7a06ec]" started-at="2025-08-09T17:39:45 IST" name="addPlace" finished-at="2025-08-09T17:39:48 IST" duration-ms="2729" status="PASS">
          <reporter-output>
          </reporter-output>
        </test-method> <!-- addPlace -->
      </class> <!-- apiFrameworkDesign.SerializationWithPojo -->
    </test> <!-- Default test -->
  </suite> <!-- Default suite -->
</testng-results>
