<?xml version="1.0" encoding="UTF-8"?>
<testng-results ignored="0" total="1" passed="1" failed="0" skipped="0">
  <reporter-output>
  </reporter-output>
  <suite started-at="2025-03-28T09:26:00 IST" name="Default suite" finished-at="2025-03-28T09:26:00 IST" duration-ms="114">
    <groups>
    </groups>
    <test started-at="2025-03-28T09:26:00 IST" name="Default test" finished-at="2025-03-28T09:26:00 IST" duration-ms="114">
      <class name="p2.PS1">
        <test-method is-config="true" signature="before()[pri:0, instance:p2.PS1@692f203f]" started-at="2025-03-28T09:26:00 IST" name="before" finished-at="2025-03-28T09:26:00 IST" duration-ms="16" status="PASS">
          <reporter-output>
          </reporter-output>
        </test-method> <!-- before -->
        <test-method signature="testRun()[pri:0, instance:p2.PS1@692f203f]" started-at="2025-03-28T09:26:00 IST" name="testRun" finished-at="2025-03-28T09:26:00 IST" duration-ms="22" status="PASS">
          <reporter-output>
          </reporter-output>
        </test-method> <!-- testRun -->
        <test-method is-config="true" signature="after()[pri:0, instance:p2.PS1@692f203f]" started-at="2025-03-28T09:26:00 IST" name="after" finished-at="2025-03-28T09:26:00 IST" duration-ms="1" status="PASS">
          <reporter-output>
          </reporter-output>
        </test-method> <!-- after -->
      </class> <!-- p2.PS1 -->
    </test> <!-- Default test -->
  </suite> <!-- Default suite -->
</testng-results>
